2024-06-21 20:37:17,394 DEBUG -  >> "GET /data/2.5/forecast?appid=7e8b32da3782f0b3660cff9192acfdec&Identifier=TC-006&lon=78.48&units=metric&lang=hi&lat=21.14 HTTP/1.1[\r][\n]"
2024-06-21 20:37:17,394 DEBUG -  >> "Content-Type: application/json; charset=utf-8[\r][\n]"
2024-06-21 20:37:17,394 DEBUG -  >> "Server: openresty[\r][\n]"
2024-06-21 20:37:17,394 DEBUG -  >> "Accept: */*[\r][\n]"
2024-06-21 20:37:17,394 DEBUG -  >> "Host: api.openweathermap.org[\r][\n]"
2024-06-21 20:37:17,395 DEBUG -  >> "Connection: Keep-Alive[\r][\n]"
2024-06-21 20:37:17,395 DEBUG -  >> "User-Agent: Apache-HttpClient/4.5.13 (Java/17.0.11)[\r][\n]"
2024-06-21 20:37:17,395 DEBUG -  >> "Accept-Encoding: gzip,deflate[\r][\n]"
2024-06-21 20:37:17,395 DEBUG -  >> "[\r][\n]"
2024-06-21 20:37:17,395 DEBUG - >> GET /data/2.5/forecast?appid=7e8b32da3782f0b3660cff9192acfdec&Identifier=TC-006&lon=78.48&units=metric&lang=hi&lat=21.14 HTTP/1.1
2024-06-21 20:37:17,395 DEBUG - >> Content-Type: application/json; charset=utf-8
2024-06-21 20:37:17,396 DEBUG - >> Server: openresty
2024-06-21 20:37:17,396 DEBUG - >> Accept: */*
2024-06-21 20:37:17,396 DEBUG - >> Host: api.openweathermap.org
2024-06-21 20:37:17,396 DEBUG - >> Connection: Keep-Alive
2024-06-21 20:37:17,396 DEBUG - >> User-Agent: Apache-HttpClient/4.5.13 (Java/17.0.11)
2024-06-21 20:37:17,396 DEBUG - >> Accept-Encoding: gzip,deflate
2024-06-21 20:37:17,514 DEBUG -  << "HTTP/1.1 200 OK[\r][\n]"
2024-06-21 20:37:17,515 DEBUG -  << "Server: openresty[\r][\n]"
2024-06-21 20:37:17,515 DEBUG -  << "Date: Fri, 21 Jun 2024 15:07:16 GMT[\r][\n]"
2024-06-21 20:37:17,515 DEBUG -  << "Content-Type: application/json; charset=utf-8[\r][\n]"
2024-06-21 20:37:17,515 DEBUG -  << "Content-Length: 17117[\r][\n]"
2024-06-21 20:37:17,515 DEBUG -  << "Connection: keep-alive[\r][\n]"
2024-06-21 20:37:17,515 DEBUG -  << "X-Cache-Key: /data/2.5/forecast?Identifier=TC-006&lang=hi&lat=21.14&lon=78.48&units=metric[\r][\n]"
2024-06-21 20:37:17,515 DEBUG -  << "Access-Control-Allow-Origin: *[\r][\n]"
2024-06-21 20:37:17,515 DEBUG -  << "Access-Control-Allow-Credentials: true[\r][\n]"
2024-06-21 20:37:17,515 DEBUG -  << "Access-Control-Allow-Methods: GET, POST[\r][\n]"
2024-06-21 20:37:17,515 DEBUG -  << "[\r][\n]"
2024-06-21 20:37:17,515 DEBUG - Receiving response: HTTP/1.1 200 OK
2024-06-21 20:37:17,515 DEBUG - << HTTP/1.1 200 OK
2024-06-21 20:37:17,515 DEBUG - << Server: openresty
2024-06-21 20:37:17,515 DEBUG - << Date: Fri, 21 Jun 2024 15:07:16 GMT
2024-06-21 20:37:17,515 DEBUG - << Content-Type: application/json; charset=utf-8
2024-06-21 20:37:17,515 DEBUG - << Content-Length: 17117
2024-06-21 20:37:17,515 DEBUG - << Connection: keep-alive
2024-06-21 20:37:17,515 DEBUG - << X-Cache-Key: /data/2.5/forecast?Identifier=TC-006&lang=hi&lat=21.14&lon=78.48&units=metric
2024-06-21 20:37:17,515 DEBUG - << Access-Control-Allow-Origin: *
2024-06-21 20:37:17,515 DEBUG - << Access-Control-Allow-Credentials: true
2024-06-21 20:37:17,515 DEBUG - << Access-Control-Allow-Methods: GET, POST
2024-06-21 20:37:17,515 DEBUG - Connection can be kept alive indefinitely
2024-06-21 20:37:17,516 DEBUG - Parsing response as: application/json; charset=utf-8
2024-06-21 20:37:17,516 DEBUG - Parsed data to instance of: class org.apache.http.conn.EofSensorInputStream
2024-06-21 20:37:17,650 DEBUG - Get connection for route {s}->https://api.openweathermap.org:443
2024-06-21 20:37:17,650 DEBUG - Connecting to api.openweathermap.org:443
2024-06-21 20:37:17,949 DEBUG - CookieSpec selected: ignoreCookies
2024-06-21 20:37:17,950 DEBUG - Auth cache not set in the context
2024-06-21 20:37:17,950 DEBUG - Target auth state: UNCHALLENGED
2024-06-21 20:37:17,950 DEBUG - Proxy auth state: UNCHALLENGED
2024-06-21 20:37:17,950 DEBUG - Attempt 1 to execute request
2024-06-21 20:37:17,950 DEBUG - Sending request: PUT /data/2.5/forecast?appid=7e8b32da3782f0b3660cff9192acfdec&Identifier=TC-007&lon=78.48&units=metric&lang=hi&lat=21.14 HTTP/1.1
2024-06-21 20:37:17,951 DEBUG -  >> "PUT /data/2.5/forecast?appid=7e8b32da3782f0b3660cff9192acfdec&Identifier=TC-007&lon=78.48&units=metric&lang=hi&lat=21.14 HTTP/1.1[\r][\n]"
2024-06-21 20:37:17,951 DEBUG -  >> "Content-Type: application/json; charset=utf-8[\r][\n]"
2024-06-21 20:37:17,951 DEBUG -  >> "Server: openresty[\r][\n]"
2024-06-21 20:37:17,952 DEBUG -  >> "Accept: */*[\r][\n]"
2024-06-21 20:37:17,952 DEBUG -  >> "Content-Length: 0[\r][\n]"
2024-06-21 20:37:17,952 DEBUG -  >> "Host: api.openweathermap.org[\r][\n]"
2024-06-21 20:37:17,952 DEBUG -  >> "Connection: Keep-Alive[\r][\n]"
2024-06-21 20:37:17,952 DEBUG -  >> "User-Agent: Apache-HttpClient/4.5.13 (Java/17.0.11)[\r][\n]"
2024-06-21 20:37:17,952 DEBUG -  >> "Accept-Encoding: gzip,deflate[\r][\n]"
2024-06-21 20:37:17,952 DEBUG -  >> "[\r][\n]"
2024-06-21 20:37:17,952 DEBUG - >> PUT /data/2.5/forecast?appid=7e8b32da3782f0b3660cff9192acfdec&Identifier=TC-007&lon=78.48&units=metric&lang=hi&lat=21.14 HTTP/1.1
2024-06-21 20:37:17,953 DEBUG - >> Content-Type: application/json; charset=utf-8
2024-06-21 20:37:17,953 DEBUG - >> Server: openresty
2024-06-21 20:37:17,953 DEBUG - >> Accept: */*
2024-06-21 20:37:17,953 DEBUG - >> Content-Length: 0
2024-06-21 20:37:17,953 DEBUG - >> Host: api.openweathermap.org
2024-06-21 20:37:17,953 DEBUG - >> Connection: Keep-Alive
2024-06-21 20:37:17,953 DEBUG - >> User-Agent: Apache-HttpClient/4.5.13 (Java/17.0.11)
2024-06-21 20:37:17,953 DEBUG - >> Accept-Encoding: gzip,deflate
2024-06-21 20:37:18,017 DEBUG -  << "HTTP/1.1 405 Method Not Allowed[\r][\n]"
2024-06-21 20:37:18,017 DEBUG -  << "Server: openresty[\r][\n]"
2024-06-21 20:37:18,017 DEBUG -  << "Date: Fri, 21 Jun 2024 15:07:17 GMT[\r][\n]"
2024-06-21 20:37:18,017 DEBUG -  << "Content-Type: application/json; charset=utf-8[\r][\n]"
2024-06-21 20:37:18,017 DEBUG -  << "Content-Length: 40[\r][\n]"
2024-06-21 20:37:18,017 DEBUG -  << "Connection: keep-alive[\r][\n]"
2024-06-21 20:37:18,017 DEBUG -  << "X-Cache-Key: /data/2.5/forecast?Identifier=TC-007&lang=hi&lat=21.14&lon=78.48&units=metric[\r][\n]"
2024-06-21 20:37:18,017 DEBUG -  << "Access-Control-Allow-Origin: *[\r][\n]"
2024-06-21 20:37:18,017 DEBUG -  << "Access-Control-Allow-Credentials: true[\r][\n]"
2024-06-21 20:37:18,017 DEBUG -  << "Access-Control-Allow-Methods: GET, POST[\r][\n]"
2024-06-21 20:37:18,017 DEBUG -  << "[\r][\n]"
2024-06-21 20:37:18,017 DEBUG - Receiving response: HTTP/1.1 405 Method Not Allowed
2024-06-21 20:37:18,017 DEBUG - << HTTP/1.1 405 Method Not Allowed
2024-06-21 20:37:18,017 DEBUG - << Server: openresty
2024-06-21 20:37:18,018 DEBUG - << Date: Fri, 21 Jun 2024 15:07:17 GMT
2024-06-21 20:37:18,018 DEBUG - << Content-Type: application/json; charset=utf-8
2024-06-21 20:37:18,018 DEBUG - << Content-Length: 40
2024-06-21 20:37:18,018 DEBUG - << Connection: keep-alive
2024-06-21 20:37:18,018 DEBUG - << X-Cache-Key: /data/2.5/forecast?Identifier=TC-007&lang=hi&lat=21.14&lon=78.48&units=metric
2024-06-21 20:37:18,018 DEBUG - << Access-Control-Allow-Origin: *
2024-06-21 20:37:18,018 DEBUG - << Access-Control-Allow-Credentials: true
2024-06-21 20:37:18,018 DEBUG - << Access-Control-Allow-Methods: GET, POST
2024-06-21 20:37:18,018 DEBUG - Connection can be kept alive indefinitely
2024-06-21 20:37:18,019 DEBUG - Parsing response as: application/json; charset=utf-8
2024-06-21 20:37:18,019 DEBUG - Parsed data to instance of: class org.apache.http.conn.EofSensorInputStream
2024-06-21 20:37:18,129 DEBUG - Connection 0.0.0.0:59838<->178.128.122.9:443 closed
2024-06-21 20:37:18,132 DEBUG - Couldn't find template in cache for "spark/spark.spa.ftl"("en_IN", UTF-8, parsed); will try to load it.
2024-06-21 20:37:18,133 DEBUG - TemplateLoader.findTemplateSource("spark/spark.spa_en_IN.ftl"): Not found
2024-06-21 20:37:18,135 DEBUG - TemplateLoader.findTemplateSource("spark/spark.spa_en.ftl"): Not found
2024-06-21 20:37:18,137 DEBUG - TemplateLoader.findTemplateSource("spark/spark.spa.ftl"): Found
2024-06-21 20:37:18,137 DEBUG - Loading template for "spark/spark.spa.ftl"("en_IN", UTF-8, parsed) from "jar:file:/C:/Users/DELL/.m2/repository/com/aventstack/extentreports/5.1.1/extentreports-5.1.1.jar!/com/aventstack/extentreports/templates/spark/spark.spa.ftl"
2024-06-21 20:37:18,245 DEBUG - Couldn't find template in cache for "commons/commons-variables.ftl"("en_IN", UTF-8, parsed); will try to load it.
2024-06-21 20:37:18,246 DEBUG - TemplateLoader.findTemplateSource("commons/commons-variables_en_IN.ftl"): Not found
2024-06-21 20:37:18,246 DEBUG - TemplateLoader.findTemplateSource("commons/commons-variables_en.ftl"): Not found
2024-06-21 20:37:18,246 DEBUG - TemplateLoader.findTemplateSource("commons/commons-variables.ftl"): Found
2024-06-21 20:37:18,246 DEBUG - Loading template for "commons/commons-variables.ftl"("en_IN", UTF-8, parsed) from "jar:file:/C:/Users/DELL/.m2/repository/com/aventstack/extentreports/5.1.1/extentreports-5.1.1.jar!/com/aventstack/extentreports/templates/commons/commons-variables.ftl"
2024-06-21 20:37:18,404 DEBUG - Couldn't find template in cache for "commons/commons-macros.ftl"("en_IN", UTF-8, parsed); will try to load it.
2024-06-21 20:37:18,404 DEBUG - TemplateLoader.findTemplateSource("commons/commons-macros_en_IN.ftl"): Not found
2024-06-21 20:37:18,404 DEBUG - TemplateLoader.findTemplateSource("commons/commons-macros_en.ftl"): Not found
2024-06-21 20:37:18,405 DEBUG - TemplateLoader.findTemplateSource("commons/commons-macros.ftl"): Found
2024-06-21 20:37:18,405 DEBUG - Loading template for "commons/commons-macros.ftl"("en_IN", UTF-8, parsed) from "jar:file:/C:/Users/DELL/.m2/repository/com/aventstack/extentreports/5.1.1/extentreports-5.1.1.jar!/com/aventstack/extentreports/templates/commons/commons-macros.ftl"
2024-06-21 20:37:18,415 DEBUG - Couldn't find template in cache for "spark/macros/attributes.ftl"("en_IN", UTF-8, parsed); will try to load it.
2024-06-21 20:37:18,415 DEBUG - TemplateLoader.findTemplateSource("spark/macros/attributes_en_IN.ftl"): Not found
2024-06-21 20:37:18,415 DEBUG - TemplateLoader.findTemplateSource("spark/macros/attributes_en.ftl"): Not found
2024-06-21 20:37:18,416 DEBUG - TemplateLoader.findTemplateSource("spark/macros/attributes.ftl"): Found
2024-06-21 20:37:18,416 DEBUG - Loading template for "spark/macros/attributes.ftl"("en_IN", UTF-8, parsed) from "jar:file:/C:/Users/DELL/.m2/repository/com/aventstack/extentreports/5.1.1/extentreports-5.1.1.jar!/com/aventstack/extentreports/templates/spark/macros/attributes.ftl"
2024-06-21 20:37:18,418 DEBUG - Couldn't find template in cache for "spark/macros/log.ftl"("en_IN", UTF-8, parsed); will try to load it.
2024-06-21 20:37:18,419 DEBUG - TemplateLoader.findTemplateSource("spark/macros/log_en_IN.ftl"): Not found
2024-06-21 20:37:18,420 DEBUG - TemplateLoader.findTemplateSource("spark/macros/log_en.ftl"): Not found
2024-06-21 20:37:18,420 DEBUG - TemplateLoader.findTemplateSource("spark/macros/log.ftl"): Found
2024-06-21 20:37:18,420 DEBUG - Loading template for "spark/macros/log.ftl"("en_IN", UTF-8, parsed) from "jar:file:/C:/Users/DELL/.m2/repository/com/aventstack/extentreports/5.1.1/extentreports-5.1.1.jar!/com/aventstack/extentreports/templates/spark/macros/log.ftl"
2024-06-21 20:37:18,423 DEBUG - Couldn't find template in cache for "spark/macros/recurse_nodes.ftl"("en_IN", UTF-8, parsed); will try to load it.
2024-06-21 20:37:18,424 DEBUG - TemplateLoader.findTemplateSource("spark/macros/recurse_nodes_en_IN.ftl"): Not found
2024-06-21 20:37:18,425 DEBUG - TemplateLoader.findTemplateSource("spark/macros/recurse_nodes_en.ftl"): Not found
2024-06-21 20:37:18,425 DEBUG - TemplateLoader.findTemplateSource("spark/macros/recurse_nodes.ftl"): Found
2024-06-21 20:37:18,425 DEBUG - Loading template for "spark/macros/recurse_nodes.ftl"("en_IN", UTF-8, parsed) from "jar:file:/C:/Users/DELL/.m2/repository/com/aventstack/extentreports/5.1.1/extentreports-5.1.1.jar!/com/aventstack/extentreports/templates/spark/macros/recurse_nodes.ftl"
2024-06-21 20:37:18,430 DEBUG - "spark/macros/log.ftl"("en_IN", UTF-8, parsed) cached copy not yet stale; using cached.
2024-06-21 20:37:18,430 DEBUG - Couldn't find template in cache for "spark/macros/attr-common.ftl"("en_IN", UTF-8, parsed); will try to load it.
2024-06-21 20:37:18,430 DEBUG - TemplateLoader.findTemplateSource("spark/macros/attr-common_en_IN.ftl"): Not found
2024-06-21 20:37:18,431 DEBUG - TemplateLoader.findTemplateSource("spark/macros/attr-common_en.ftl"): Not found
2024-06-21 20:37:18,431 DEBUG - TemplateLoader.findTemplateSource("spark/macros/attr-common.ftl"): Found
2024-06-21 20:37:18,431 DEBUG - Loading template for "spark/macros/attr-common.ftl"("en_IN", UTF-8, parsed) from "jar:file:/C:/Users/DELL/.m2/repository/com/aventstack/extentreports/5.1.1/extentreports-5.1.1.jar!/com/aventstack/extentreports/templates/spark/macros/attr-common.ftl"
2024-06-21 20:37:18,443 DEBUG - Couldn't find template in cache for "spark/partials/head.ftl"("en_IN", UTF-8, parsed); will try to load it.
2024-06-21 20:37:18,444 DEBUG - TemplateLoader.findTemplateSource("spark/partials/head_en_IN.ftl"): Not found
2024-06-21 20:37:18,444 DEBUG - TemplateLoader.findTemplateSource("spark/partials/head_en.ftl"): Not found
2024-06-21 20:37:18,445 DEBUG - TemplateLoader.findTemplateSource("spark/partials/head.ftl"): Found
2024-06-21 20:37:18,445 DEBUG - Loading template for "spark/partials/head.ftl"("en_IN", UTF-8, parsed) from "jar:file:/C:/Users/DELL/.m2/repository/com/aventstack/extentreports/5.1.1/extentreports-5.1.1.jar!/com/aventstack/extentreports/templates/spark/partials/head.ftl"
2024-06-21 20:37:18,451 DEBUG - Couldn't find template in cache for "commons/commons-inject-css.ftl"("en_IN", UTF-8, parsed); will try to load it.
2024-06-21 20:37:18,451 DEBUG - TemplateLoader.findTemplateSource("commons/commons-inject-css_en_IN.ftl"): Not found
2024-06-21 20:37:18,452 DEBUG - TemplateLoader.findTemplateSource("commons/commons-inject-css_en.ftl"): Not found
2024-06-21 20:37:18,453 DEBUG - TemplateLoader.findTemplateSource("commons/commons-inject-css.ftl"): Found
2024-06-21 20:37:18,453 DEBUG - Loading template for "commons/commons-inject-css.ftl"("en_IN", UTF-8, parsed) from "jar:file:/C:/Users/DELL/.m2/repository/com/aventstack/extentreports/5.1.1/extentreports-5.1.1.jar!/com/aventstack/extentreports/templates/commons/commons-inject-css.ftl"
2024-06-21 20:37:18,456 DEBUG - Couldn't find template in cache for "spark/partials/navbar.ftl"("en_IN", UTF-8, parsed); will try to load it.
2024-06-21 20:37:18,456 DEBUG - TemplateLoader.findTemplateSource("spark/partials/navbar_en_IN.ftl"): Not found
2024-06-21 20:37:18,456 DEBUG - TemplateLoader.findTemplateSource("spark/partials/navbar_en.ftl"): Not found
2024-06-21 20:37:18,457 DEBUG - TemplateLoader.findTemplateSource("spark/partials/navbar.ftl"): Found
2024-06-21 20:37:18,457 DEBUG - Loading template for "spark/partials/navbar.ftl"("en_IN", UTF-8, parsed) from "jar:file:/C:/Users/DELL/.m2/repository/com/aventstack/extentreports/5.1.1/extentreports-5.1.1.jar!/com/aventstack/extentreports/templates/spark/partials/navbar.ftl"
2024-06-21 20:37:18,475 DEBUG - Couldn't find template in cache for "spark/partials/sidenav.ftl"("en_IN", UTF-8, parsed); will try to load it.
2024-06-21 20:37:18,476 DEBUG - TemplateLoader.findTemplateSource("spark/partials/sidenav_en_IN.ftl"): Not found
2024-06-21 20:37:18,476 DEBUG - TemplateLoader.findTemplateSource("spark/partials/sidenav_en.ftl"): Not found
2024-06-21 20:37:18,477 DEBUG - TemplateLoader.findTemplateSource("spark/partials/sidenav.ftl"): Found
2024-06-21 20:37:18,477 DEBUG - Loading template for "spark/partials/sidenav.ftl"("en_IN", UTF-8, parsed) from "jar:file:/C:/Users/DELL/.m2/repository/com/aventstack/extentreports/5.1.1/extentreports-5.1.1.jar!/com/aventstack/extentreports/templates/spark/partials/sidenav.ftl"
2024-06-21 20:37:18,497 DEBUG - Couldn't find template in cache for "spark/partials/test.ftl"("en_IN", UTF-8, parsed); will try to load it.
2024-06-21 20:37:18,498 DEBUG - TemplateLoader.findTemplateSource("spark/partials/test_en_IN.ftl"): Not found
2024-06-21 20:37:18,499 DEBUG - TemplateLoader.findTemplateSource("spark/partials/test_en.ftl"): Not found
2024-06-21 20:37:18,499 DEBUG - TemplateLoader.findTemplateSource("spark/partials/test.ftl"): Found
2024-06-21 20:37:18,499 DEBUG - Loading template for "spark/partials/test.ftl"("en_IN", UTF-8, parsed) from "jar:file:/C:/Users/DELL/.m2/repository/com/aventstack/extentreports/5.1.1/extentreports-5.1.1.jar!/com/aventstack/extentreports/templates/spark/partials/test.ftl"
2024-06-21 20:37:18,533 DEBUG - Couldn't find template in cache for "spark/partials/standard-content.ftl"("en_IN", UTF-8, parsed); will try to load it.
2024-06-21 20:37:18,534 DEBUG - TemplateLoader.findTemplateSource("spark/partials/standard-content_en_IN.ftl"): Not found
2024-06-21 20:37:18,535 DEBUG - TemplateLoader.findTemplateSource("spark/partials/standard-content_en.ftl"): Not found
2024-06-21 20:37:18,537 DEBUG - TemplateLoader.findTemplateSource("spark/partials/standard-content.ftl"): Found
2024-06-21 20:37:18,538 DEBUG - Loading template for "spark/partials/standard-content.ftl"("en_IN", UTF-8, parsed) from "jar:file:/C:/Users/DELL/.m2/repository/com/aventstack/extentreports/5.1.1/extentreports-5.1.1.jar!/com/aventstack/extentreports/templates/spark/partials/standard-content.ftl"
2024-06-21 20:37:18,560 DEBUG - "spark/partials/standard-content.ftl"("en_IN", UTF-8, parsed) cached copy not yet stale; using cached.
2024-06-21 20:37:18,570 DEBUG - "spark/partials/standard-content.ftl"("en_IN", UTF-8, parsed) cached copy not yet stale; using cached.
2024-06-21 20:37:18,583 DEBUG - "spark/partials/standard-content.ftl"("en_IN", UTF-8, parsed) cached copy not yet stale; using cached.
2024-06-21 20:37:18,592 DEBUG - "spark/partials/standard-content.ftl"("en_IN", UTF-8, parsed) cached copy not yet stale; using cached.
2024-06-21 20:37:18,595 DEBUG - "spark/partials/standard-content.ftl"("en_IN", UTF-8, parsed) cached copy not yet stale; using cached.
2024-06-21 20:37:18,603 DEBUG - "spark/partials/standard-content.ftl"("en_IN", UTF-8, parsed) cached copy not yet stale; using cached.
2024-06-21 20:37:18,609 DEBUG - "spark/partials/standard-content.ftl"("en_IN", UTF-8, parsed) cached copy not yet stale; using cached.
2024-06-21 20:37:18,612 DEBUG - "spark/partials/standard-content.ftl"("en_IN", UTF-8, parsed) cached copy not yet stale; using cached.
2024-06-21 20:37:18,615 DEBUG - "spark/partials/standard-content.ftl"("en_IN", UTF-8, parsed) cached copy not yet stale; using cached.
2024-06-21 20:37:18,617 DEBUG - Couldn't find template in cache for "spark/partials/exception.ftl"("en_IN", UTF-8, parsed); will try to load it.
2024-06-21 20:37:18,617 DEBUG - TemplateLoader.findTemplateSource("spark/partials/exception_en_IN.ftl"): Not found
2024-06-21 20:37:18,619 DEBUG - TemplateLoader.findTemplateSource("spark/partials/exception_en.ftl"): Not found
2024-06-21 20:37:18,619 DEBUG - TemplateLoader.findTemplateSource("spark/partials/exception.ftl"): Found
2024-06-21 20:37:18,620 DEBUG - Loading template for "spark/partials/exception.ftl"("en_IN", UTF-8, parsed) from "jar:file:/C:/Users/DELL/.m2/repository/com/aventstack/extentreports/5.1.1/extentreports-5.1.1.jar!/com/aventstack/extentreports/templates/spark/partials/exception.ftl"
2024-06-21 20:37:18,627 DEBUG - Couldn't find template in cache for "spark/partials/category.ftl"("en_IN", UTF-8, parsed); will try to load it.
2024-06-21 20:37:18,627 DEBUG - TemplateLoader.findTemplateSource("spark/partials/category_en_IN.ftl"): Not found
2024-06-21 20:37:18,627 DEBUG - TemplateLoader.findTemplateSource("spark/partials/category_en.ftl"): Not found
2024-06-21 20:37:18,628 DEBUG - TemplateLoader.findTemplateSource("spark/partials/category.ftl"): Found
2024-06-21 20:37:18,628 DEBUG - Loading template for "spark/partials/category.ftl"("en_IN", UTF-8, parsed) from "jar:file:/C:/Users/DELL/.m2/repository/com/aventstack/extentreports/5.1.1/extentreports-5.1.1.jar!/com/aventstack/extentreports/templates/spark/partials/category.ftl"
2024-06-21 20:37:18,629 DEBUG - Couldn't find template in cache for "spark/partials/device.ftl"("en_IN", UTF-8, parsed); will try to load it.
2024-06-21 20:37:18,629 DEBUG - TemplateLoader.findTemplateSource("spark/partials/device_en_IN.ftl"): Not found
2024-06-21 20:37:18,630 DEBUG - TemplateLoader.findTemplateSource("spark/partials/device_en.ftl"): Not found
2024-06-21 20:37:18,630 DEBUG - TemplateLoader.findTemplateSource("spark/partials/device.ftl"): Found
2024-06-21 20:37:18,630 DEBUG - Loading template for "spark/partials/device.ftl"("en_IN", UTF-8, parsed) from "jar:file:/C:/Users/DELL/.m2/repository/com/aventstack/extentreports/5.1.1/extentreports-5.1.1.jar!/com/aventstack/extentreports/templates/spark/partials/device.ftl"
2024-06-21 20:37:18,631 DEBUG - Couldn't find template in cache for "spark/partials/author.ftl"("en_IN", UTF-8, parsed); will try to load it.
2024-06-21 20:37:18,632 DEBUG - TemplateLoader.findTemplateSource("spark/partials/author_en_IN.ftl"): Not found
2024-06-21 20:37:18,632 DEBUG - TemplateLoader.findTemplateSource("spark/partials/author_en.ftl"): Not found
2024-06-21 20:37:18,632 DEBUG - TemplateLoader.findTemplateSource("spark/partials/author.ftl"): Found
2024-06-21 20:37:18,632 DEBUG - Loading template for "spark/partials/author.ftl"("en_IN", UTF-8, parsed) from "jar:file:/C:/Users/DELL/.m2/repository/com/aventstack/extentreports/5.1.1/extentreports-5.1.1.jar!/com/aventstack/extentreports/templates/spark/partials/author.ftl"
2024-06-21 20:37:18,634 DEBUG - Couldn't find template in cache for "spark/partials/log.ftl"("en_IN", UTF-8, parsed); will try to load it.
2024-06-21 20:37:18,635 DEBUG - TemplateLoader.findTemplateSource("spark/partials/log_en_IN.ftl"): Not found
2024-06-21 20:37:18,636 DEBUG - TemplateLoader.findTemplateSource("spark/partials/log_en.ftl"): Not found
2024-06-21 20:37:18,637 DEBUG - TemplateLoader.findTemplateSource("spark/partials/log.ftl"): Found
2024-06-21 20:37:18,637 DEBUG - Loading template for "spark/partials/log.ftl"("en_IN", UTF-8, parsed) from "jar:file:/C:/Users/DELL/.m2/repository/com/aventstack/extentreports/5.1.1/extentreports-5.1.1.jar!/com/aventstack/extentreports/templates/spark/partials/log.ftl"
2024-06-21 20:37:18,639 DEBUG - Couldn't find template in cache for "spark/partials/dashboard.ftl"("en_IN", UTF-8, parsed); will try to load it.
2024-06-21 20:37:18,640 DEBUG - TemplateLoader.findTemplateSource("spark/partials/dashboard_en_IN.ftl"): Not found
2024-06-21 20:37:18,640 DEBUG - TemplateLoader.findTemplateSource("spark/partials/dashboard_en.ftl"): Not found
2024-06-21 20:37:18,641 DEBUG - TemplateLoader.findTemplateSource("spark/partials/dashboard.ftl"): Found
2024-06-21 20:37:18,641 DEBUG - Loading template for "spark/partials/dashboard.ftl"("en_IN", UTF-8, parsed) from "jar:file:/C:/Users/DELL/.m2/repository/com/aventstack/extentreports/5.1.1/extentreports-5.1.1.jar!/com/aventstack/extentreports/templates/spark/partials/dashboard.ftl"
2024-06-21 20:37:18,700 DEBUG - Couldn't find template in cache for "spark/partials/scripts.ftl"("en_IN", UTF-8, parsed); will try to load it.
2024-06-21 20:37:18,701 DEBUG - TemplateLoader.findTemplateSource("spark/partials/scripts_en_IN.ftl"): Not found
2024-06-21 20:37:18,701 DEBUG - TemplateLoader.findTemplateSource("spark/partials/scripts_en.ftl"): Not found
2024-06-21 20:37:18,702 DEBUG - TemplateLoader.findTemplateSource("spark/partials/scripts.ftl"): Found
2024-06-21 20:37:18,702 DEBUG - Loading template for "spark/partials/scripts.ftl"("en_IN", UTF-8, parsed) from "jar:file:/C:/Users/DELL/.m2/repository/com/aventstack/extentreports/5.1.1/extentreports-5.1.1.jar!/com/aventstack/extentreports/templates/spark/partials/scripts.ftl"
2024-06-21 20:37:18,703 DEBUG - Couldn't find template in cache for "commons/commons-inject-js.ftl"("en_IN", UTF-8, parsed); will try to load it.
2024-06-21 20:37:18,704 DEBUG - TemplateLoader.findTemplateSource("commons/commons-inject-js_en_IN.ftl"): Not found
2024-06-21 20:37:18,705 DEBUG - TemplateLoader.findTemplateSource("commons/commons-inject-js_en.ftl"): Not found
2024-06-21 20:37:18,705 DEBUG - TemplateLoader.findTemplateSource("commons/commons-inject-js.ftl"): Found
2024-06-21 20:37:18,705 DEBUG - Loading template for "commons/commons-inject-js.ftl"("en_IN", UTF-8, parsed) from "jar:file:/C:/Users/DELL/.m2/repository/com/aventstack/extentreports/5.1.1/extentreports-5.1.1.jar!/com/aventstack/extentreports/templates/commons/commons-inject-js.ftl"
